[15Jun2020 13:56:38.483] [main/INFO] [cpw.mods.modlauncher.Launcher/MODLAUNCHER]: ModLauncher running: args [--gameDir, ., --launchTarget, fmluserdevclient, --fml.mcpVersion, 20200515.085601, --fml.mcVersion, 1.15.2, --fml.forgeGroup, net.minecraftforge, --fml.forgeVersion, 31.2.0, --version, MOD_DEV, --assetIndex, 1.15, --assetsDir, C:\Users\newto\.gradle\caches\forge_gradle\assets, --username, Dev, --accessToken, ❄❄❄❄❄❄❄❄, --userProperties, {}]
[15Jun2020 13:56:38.515] [main/INFO] [cpw.mods.modlauncher.Launcher/MODLAUNCHER]: ModLauncher 5.1.0+69+master.79f13f7 starting: java version 14.0.1 by Oracle Corporation
[15Jun2020 13:56:40.796] [main/INFO] [net.minecraftforge.fml.loading.FixSSL/CORE]: Added Lets Encrypt root certificates as additional trust
[15Jun2020 13:56:42.015] [main/INFO] [STDERR/]: [java.lang.ThreadGroup:uncaughtException:1048]: com.electronwill.nightconfig.core.io.ParsingException: Not enough data available
[15Jun2020 13:56:42.030] [main/INFO] [STDERR/]: [java.lang.ThreadGroup:uncaughtException:1048]: 	at com.electronwill.nightconfig.core.io.ParsingException.notEnoughData(ParsingException.java:22)
[15Jun2020 13:56:42.030] [main/INFO] [STDERR/]: [java.lang.ThreadGroup:uncaughtException:1048]: 	at com.electronwill.nightconfig.core.io.ReaderInput.directReadChar(ReaderInput.java:36)
[15Jun2020 13:56:42.030] [main/INFO] [STDERR/]: [java.lang.ThreadGroup:uncaughtException:1048]: 	at com.electronwill.nightconfig.core.io.AbstractInput.readChar(AbstractInput.java:49)
[15Jun2020 13:56:42.030] [main/INFO] [STDERR/]: [java.lang.ThreadGroup:uncaughtException:1048]: 	at com.electronwill.nightconfig.core.io.AbstractInput.readCharsUntil(AbstractInput.java:123)
[15Jun2020 13:56:42.030] [main/INFO] [STDERR/]: [java.lang.ThreadGroup:uncaughtException:1048]: 	at com.electronwill.nightconfig.toml.TableParser.parseKey(TableParser.java:166)
[15Jun2020 13:56:42.030] [main/INFO] [STDERR/]: [java.lang.ThreadGroup:uncaughtException:1048]: 	at com.electronwill.nightconfig.toml.TableParser.parseDottedKey(TableParser.java:145)
[15Jun2020 13:56:42.030] [main/INFO] [STDERR/]: [java.lang.ThreadGroup:uncaughtException:1048]: 	at com.electronwill.nightconfig.toml.TableParser.parseNormal(TableParser.java:55)
[15Jun2020 13:56:42.030] [main/INFO] [STDERR/]: [java.lang.ThreadGroup:uncaughtException:1048]: 	at com.electronwill.nightconfig.toml.TomlParser.parse(TomlParser.java:44)
[15Jun2020 13:56:42.030] [main/INFO] [STDERR/]: [java.lang.ThreadGroup:uncaughtException:1048]: 	at com.electronwill.nightconfig.toml.TomlParser.parse(TomlParser.java:37)
[15Jun2020 13:56:42.030] [main/INFO] [STDERR/]: [java.lang.ThreadGroup:uncaughtException:1048]: 	at com.electronwill.nightconfig.core.io.ConfigParser.parse(ConfigParser.java:113)
[15Jun2020 13:56:42.046] [main/INFO] [STDERR/]: [java.lang.ThreadGroup:uncaughtException:1048]: 	at com.electronwill.nightconfig.core.io.ConfigParser.parse(ConfigParser.java:219)
[15Jun2020 13:56:42.046] [main/INFO] [STDERR/]: [java.lang.ThreadGroup:uncaughtException:1048]: 	at com.electronwill.nightconfig.core.io.ConfigParser.parse(ConfigParser.java:202)
[15Jun2020 13:56:42.046] [main/INFO] [STDERR/]: [java.lang.ThreadGroup:uncaughtException:1048]: 	at com.electronwill.nightconfig.core.file.WriteSyncFileConfig.load(WriteSyncFileConfig.java:73)
[15Jun2020 13:56:42.046] [main/INFO] [STDERR/]: [java.lang.ThreadGroup:uncaughtException:1048]: 	at com.electronwill.nightconfig.core.file.AutoreloadFileConfig.load(AutoreloadFileConfig.java:41)
[15Jun2020 13:56:42.046] [main/INFO] [STDERR/]: [java.lang.ThreadGroup:uncaughtException:1048]: 	at com.electronwill.nightconfig.core.file.AutosaveCommentedFileConfig.load(AutosaveCommentedFileConfig.java:85)
[15Jun2020 13:56:42.046] [main/INFO] [STDERR/]: [java.lang.ThreadGroup:uncaughtException:1048]: 	at net.minecraftforge.fml.loading.FMLConfig.loadFrom(FMLConfig.java:57)
[15Jun2020 13:56:42.046] [main/INFO] [STDERR/]: [java.lang.ThreadGroup:uncaughtException:1048]: 	at net.minecraftforge.fml.loading.FMLConfig.load(FMLConfig.java:69)
[15Jun2020 13:56:42.046] [main/INFO] [STDERR/]: [java.lang.ThreadGroup:uncaughtException:1048]: 	at net.minecraftforge.fml.loading.FMLServiceProvider.initialize(FMLServiceProvider.java:81)
[15Jun2020 13:56:42.046] [main/INFO] [STDERR/]: [java.lang.ThreadGroup:uncaughtException:1048]: 	at cpw.mods.modlauncher.TransformationServiceDecorator.onInitialize(TransformationServiceDecorator.java:68)
[15Jun2020 13:56:42.046] [main/INFO] [STDERR/]: [java.lang.ThreadGroup:uncaughtException:1048]: 	at cpw.mods.modlauncher.TransformationServicesHandler.lambda$initialiseTransformationServices$7(TransformationServicesHandler.java:107)
[15Jun2020 13:56:42.061] [main/INFO] [STDERR/]: [java.lang.ThreadGroup:uncaughtException:1048]: 	at java.base/java.util.HashMap$Values.forEach(HashMap.java:1068)
[15Jun2020 13:56:42.061] [main/INFO] [STDERR/]: [java.lang.ThreadGroup:uncaughtException:1048]: 	at cpw.mods.modlauncher.TransformationServicesHandler.initialiseTransformationServices(TransformationServicesHandler.java:107)
[15Jun2020 13:56:42.061] [main/INFO] [STDERR/]: [java.lang.ThreadGroup:uncaughtException:1048]: 	at cpw.mods.modlauncher.TransformationServicesHandler.initializeTransformationServices(TransformationServicesHandler.java:59)
[15Jun2020 13:56:42.061] [main/INFO] [STDERR/]: [java.lang.ThreadGroup:uncaughtException:1048]: 	at cpw.mods.modlauncher.Launcher.run(Launcher.java:75)
[15Jun2020 13:56:42.061] [main/INFO] [STDERR/]: [java.lang.ThreadGroup:uncaughtException:1048]: 	at cpw.mods.modlauncher.Launcher.main(Launcher.java:65)
[15Jun2020 13:56:42.077] [main/INFO] [STDERR/]: [java.lang.ThreadGroup:uncaughtException:1048]: 	at net.minecraftforge.userdev.LaunchTesting.main(LaunchTesting.java:102)
